<?xml version="1.0" encoding="UTF-8"?>
<testsuite xmlns:xsi="http://www.w3.org/2001/XMLSchema-instance" xsi:noNamespaceSchemaLocation="https://maven.apache.org/surefire/maven-surefire-plugin/xsd/surefire-test-report-3.0.xsd" version="3.0" name="com.calvin.spark.AppTest" time="0.025" tests="1" errors="0" skipped="0" failures="0">
  <properties>
    <property name="java.specification.version" value="17"/>
    <property name="sun.jnu.encoding" value="UTF-8"/>
    <property name="java.class.path" value="/Users/calvinlee/Library/CloudStorage/OneDrive-Personal/Workspace/spring-spark/target/test-classes:/Users/calvinlee/Library/CloudStorage/OneDrive-Personal/Workspace/spring-spark/target/classes:/Users/calvinlee/.m2/repository/org/springframework/boot/spring-boot-starter/3.4.5/spring-boot-starter-3.4.5.jar:/Users/calvinlee/.m2/repository/org/springframework/boot/spring-boot/3.4.5/spring-boot-3.4.5.jar:/Users/calvinlee/.m2/repository/org/springframework/spring-context/6.2.6/spring-context-6.2.6.jar:/Users/calvinlee/.m2/repository/org/springframework/spring-aop/6.2.6/spring-aop-6.2.6.jar:/Users/calvinlee/.m2/repository/org/springframework/spring-beans/6.2.6/spring-beans-6.2.6.jar:/Users/calvinlee/.m2/repository/org/springframework/spring-expression/6.2.6/spring-expression-6.2.6.jar:/Users/calvinlee/.m2/repository/io/micrometer/micrometer-observation/1.14.5/micrometer-observation-1.14.5.jar:/Users/calvinlee/.m2/repository/io/micrometer/micrometer-commons/1.14.5/micrometer-commons-1.14.5.jar:/Users/calvinlee/.m2/repository/org/springframework/boot/spring-boot-autoconfigure/3.4.5/spring-boot-autoconfigure-3.4.5.jar:/Users/calvinlee/.m2/repository/org/springframework/boot/spring-boot-starter-logging/3.4.5/spring-boot-starter-logging-3.4.5.jar:/Users/calvinlee/.m2/repository/ch/qos/logback/logback-classic/1.5.18/logback-classic-1.5.18.jar:/Users/calvinlee/.m2/repository/ch/qos/logback/logback-core/1.5.18/logback-core-1.5.18.jar:/Users/calvinlee/.m2/repository/org/slf4j/slf4j-api/2.0.13/slf4j-api-2.0.13.jar:/Users/calvinlee/.m2/repository/org/apache/logging/log4j/log4j-to-slf4j/2.24.3/log4j-to-slf4j-2.24.3.jar:/Users/calvinlee/.m2/repository/org/slf4j/jul-to-slf4j/2.0.17/jul-to-slf4j-2.0.17.jar:/Users/calvinlee/.m2/repository/jakarta/annotation/jakarta.annotation-api/2.1.1/jakarta.annotation-api-2.1.1.jar:/Users/calvinlee/.m2/repository/org/springframework/spring-core/6.2.6/spring-core-6.2.6.jar:/Users/calvinlee/.m2/repository/org/springframework/spring-jcl/6.2.6/spring-jcl-6.2.6.jar:/Users/calvinlee/.m2/repository/org/yaml/snakeyaml/2.3/snakeyaml-2.3.jar:/Users/calvinlee/.m2/repository/org/apache/spark/spark-core_2.12/3.5.5/spark-core_2.12-3.5.5.jar:/Users/calvinlee/.m2/repository/org/apache/avro/avro/1.11.4/avro-1.11.4.jar:/Users/calvinlee/.m2/repository/com/fasterxml/jackson/core/jackson-core/2.14.3/jackson-core-2.14.3.jar:/Users/calvinlee/.m2/repository/org/apache/avro/avro-mapred/1.11.4/avro-mapred-1.11.4.jar:/Users/calvinlee/.m2/repository/org/apache/avro/avro-ipc/1.11.4/avro-ipc-1.11.4.jar:/Users/calvinlee/.m2/repository/org/tukaani/xz/1.9/xz-1.9.jar:/Users/calvinlee/.m2/repository/com/twitter/chill_2.12/0.10.0/chill_2.12-0.10.0.jar:/Users/calvinlee/.m2/repository/com/esotericsoftware/kryo-shaded/4.0.2/kryo-shaded-4.0.2.jar:/Users/calvinlee/.m2/repository/com/esotericsoftware/minlog/1.3.0/minlog-1.3.0.jar:/Users/calvinlee/.m2/repository/org/objenesis/objenesis/2.5.1/objenesis-2.5.1.jar:/Users/calvinlee/.m2/repository/com/twitter/chill-java/0.10.0/chill-java-0.10.0.jar:/Users/calvinlee/.m2/repository/org/apache/xbean/xbean-asm9-shaded/4.23/xbean-asm9-shaded-4.23.jar:/Users/calvinlee/.m2/repository/org/apache/hadoop/hadoop-client-api/3.3.4/hadoop-client-api-3.3.4.jar:/Users/calvinlee/.m2/repository/org/apache/hadoop/hadoop-client-runtime/3.3.4/hadoop-client-runtime-3.3.4.jar:/Users/calvinlee/.m2/repository/commons-logging/commons-logging/1.1.3/commons-logging-1.1.3.jar:/Users/calvinlee/.m2/repository/org/apache/spark/spark-launcher_2.12/3.5.5/spark-launcher_2.12-3.5.5.jar:/Users/calvinlee/.m2/repository/org/apache/spark/spark-kvstore_2.12/3.5.5/spark-kvstore_2.12-3.5.5.jar:/Users/calvinlee/.m2/repository/org/fusesource/leveldbjni/leveldbjni-all/1.8/leveldbjni-all-1.8.jar:/Users/calvinlee/.m2/repository/com/fasterxml/jackson/core/jackson-annotations/2.15.2/jackson-annotations-2.15.2.jar:/Users/calvinlee/.m2/repository/org/apache/spark/spark-network-common_2.12/3.5.5/spark-network-common_2.12-3.5.5.jar:/Users/calvinlee/.m2/repository/com/google/crypto/tink/tink/1.9.0/tink-1.9.0.jar:/Users/calvinlee/.m2/repository/com/google/code/gson/gson/2.10.1/gson-2.10.1.jar:/Users/calvinlee/.m2/repository/com/google/protobuf/protobuf-java/3.19.6/protobuf-java-3.19.6.jar:/Users/calvinlee/.m2/repository/joda-time/joda-time/2.12.5/joda-time-2.12.5.jar:/Users/calvinlee/.m2/repository/org/apache/spark/spark-network-shuffle_2.12/3.5.5/spark-network-shuffle_2.12-3.5.5.jar:/Users/calvinlee/.m2/repository/org/apache/spark/spark-unsafe_2.12/3.5.5/spark-unsafe_2.12-3.5.5.jar:/Users/calvinlee/.m2/repository/org/apache/spark/spark-common-utils_2.12/3.5.5/spark-common-utils_2.12-3.5.5.jar:/Users/calvinlee/.m2/repository/org/slf4j/jcl-over-slf4j/2.0.7/jcl-over-slf4j-2.0.7.jar:/Users/calvinlee/.m2/repository/org/apache/logging/log4j/log4j-slf4j2-impl/2.20.0/log4j-slf4j2-impl-2.20.0.jar:/Users/calvinlee/.m2/repository/org/apache/logging/log4j/log4j-api/2.20.0/log4j-api-2.20.0.jar:/Users/calvinlee/.m2/repository/org/apache/logging/log4j/log4j-core/2.20.0/log4j-core-2.20.0.jar:/Users/calvinlee/.m2/repository/org/apache/logging/log4j/log4j-1.2-api/2.20.0/log4j-1.2-api-2.20.0.jar:/Users/calvinlee/.m2/repository/javax/activation/activation/1.1.1/activation-1.1.1.jar:/Users/calvinlee/.m2/repository/org/apache/curator/curator-recipes/2.13.0/curator-recipes-2.13.0.jar:/Users/calvinlee/.m2/repository/org/apache/curator/curator-framework/2.13.0/curator-framework-2.13.0.jar:/Users/calvinlee/.m2/repository/org/apache/curator/curator-client/2.13.0/curator-client-2.13.0.jar:/Users/calvinlee/.m2/repository/com/google/guava/guava/16.0.1/guava-16.0.1.jar:/Users/calvinlee/.m2/repository/org/apache/zookeeper/zookeeper/3.6.3/zookeeper-3.6.3.jar:/Users/calvinlee/.m2/repository/org/apache/zookeeper/zookeeper-jute/3.6.3/zookeeper-jute-3.6.3.jar:/Users/calvinlee/.m2/repository/org/apache/yetus/audience-annotations/0.5.0/audience-annotations-0.5.0.jar:/Users/calvinlee/.m2/repository/jakarta/servlet/jakarta.servlet-api/4.0.3/jakarta.servlet-api-4.0.3.jar:/Users/calvinlee/.m2/repository/commons-codec/commons-codec/1.16.1/commons-codec-1.16.1.jar:/Users/calvinlee/.m2/repository/org/apache/commons/commons-compress/1.23.0/commons-compress-1.23.0.jar:/Users/calvinlee/.m2/repository/org/apache/commons/commons-lang3/3.12.0/commons-lang3-3.12.0.jar:/Users/calvinlee/.m2/repository/org/apache/commons/commons-math3/3.6.1/commons-math3-3.6.1.jar:/Users/calvinlee/.m2/repository/org/apache/commons/commons-text/1.10.0/commons-text-1.10.0.jar:/Users/calvinlee/.m2/repository/commons-io/commons-io/2.16.1/commons-io-2.16.1.jar:/Users/calvinlee/.m2/repository/commons-collections/commons-collections/3.2.2/commons-collections-3.2.2.jar:/Users/calvinlee/.m2/repository/org/apache/commons/commons-collections4/4.4/commons-collections4-4.4.jar:/Users/calvinlee/.m2/repository/com/google/code/findbugs/jsr305/3.0.0/jsr305-3.0.0.jar:/Users/calvinlee/.m2/repository/com/ning/compress-lzf/1.1.2/compress-lzf-1.1.2.jar:/Users/calvinlee/.m2/repository/org/xerial/snappy/snappy-java/1.1.10.5/snappy-java-1.1.10.5.jar:/Users/calvinlee/.m2/repository/org/lz4/lz4-java/1.8.0/lz4-java-1.8.0.jar:/Users/calvinlee/.m2/repository/com/github/luben/zstd-jni/1.5.5-4/zstd-jni-1.5.5-4.jar:/Users/calvinlee/.m2/repository/org/roaringbitmap/RoaringBitmap/0.9.45/RoaringBitmap-0.9.45.jar:/Users/calvinlee/.m2/repository/org/roaringbitmap/shims/0.9.45/shims-0.9.45.jar:/Users/calvinlee/.m2/repository/org/scala-lang/modules/scala-xml_2.12/2.1.0/scala-xml_2.12-2.1.0.jar:/Users/calvinlee/.m2/repository/org/scala-lang/modules/scala-collection-compat_2.12/2.7.0/scala-collection-compat_2.12-2.7.0.jar:/Users/calvinlee/.m2/repository/org/scala-lang/scala-library/2.12.18/scala-library-2.12.18.jar:/Users/calvinlee/.m2/repository/org/scala-lang/scala-reflect/2.12.18/scala-reflect-2.12.18.jar:/Users/calvinlee/.m2/repository/org/json4s/json4s-jackson_2.12/3.7.0-M11/json4s-jackson_2.12-3.7.0-M11.jar:/Users/calvinlee/.m2/repository/org/json4s/json4s-core_2.12/3.7.0-M11/json4s-core_2.12-3.7.0-M11.jar:/Users/calvinlee/.m2/repository/org/json4s/json4s-ast_2.12/3.7.0-M11/json4s-ast_2.12-3.7.0-M11.jar:/Users/calvinlee/.m2/repository/org/json4s/json4s-scalap_2.12/3.7.0-M11/json4s-scalap_2.12-3.7.0-M11.jar:/Users/calvinlee/.m2/repository/org/glassfish/jersey/core/jersey-client/2.40/jersey-client-2.40.jar:/Users/calvinlee/.m2/repository/jakarta/ws/rs/jakarta.ws.rs-api/2.1.6/jakarta.ws.rs-api-2.1.6.jar:/Users/calvinlee/.m2/repository/org/glassfish/hk2/external/jakarta.inject/2.6.1/jakarta.inject-2.6.1.jar:/Users/calvinlee/.m2/repository/org/glassfish/jersey/core/jersey-common/2.40/jersey-common-2.40.jar:/Users/calvinlee/.m2/repository/org/glassfish/hk2/osgi-resource-locator/1.0.3/osgi-resource-locator-1.0.3.jar:/Users/calvinlee/.m2/repository/org/glassfish/jersey/core/jersey-server/2.40/jersey-server-2.40.jar:/Users/calvinlee/.m2/repository/jakarta/validation/jakarta.validation-api/2.0.2/jakarta.validation-api-2.0.2.jar:/Users/calvinlee/.m2/repository/org/glassfish/jersey/containers/jersey-container-servlet/2.40/jersey-container-servlet-2.40.jar:/Users/calvinlee/.m2/repository/org/glassfish/jersey/containers/jersey-container-servlet-core/2.40/jersey-container-servlet-core-2.40.jar:/Users/calvinlee/.m2/repository/org/glassfish/jersey/inject/jersey-hk2/2.40/jersey-hk2-2.40.jar:/Users/calvinlee/.m2/repository/org/glassfish/hk2/hk2-locator/2.6.1/hk2-locator-2.6.1.jar:/Users/calvinlee/.m2/repository/org/glassfish/hk2/external/aopalliance-repackaged/2.6.1/aopalliance-repackaged-2.6.1.jar:/Users/calvinlee/.m2/repository/org/glassfish/hk2/hk2-api/2.6.1/hk2-api-2.6.1.jar:/Users/calvinlee/.m2/repository/org/glassfish/hk2/hk2-utils/2.6.1/hk2-utils-2.6.1.jar:/Users/calvinlee/.m2/repository/org/javassist/javassist/3.29.2-GA/javassist-3.29.2-GA.jar:/Users/calvinlee/.m2/repository/io/netty/netty-all/4.1.96.Final/netty-all-4.1.96.Final.jar:/Users/calvinlee/.m2/repository/io/netty/netty-buffer/4.1.96.Final/netty-buffer-4.1.96.Final.jar:/Users/calvinlee/.m2/repository/io/netty/netty-codec/4.1.96.Final/netty-codec-4.1.96.Final.jar:/Users/calvinlee/.m2/repository/io/netty/netty-codec-http/4.1.96.Final/netty-codec-http-4.1.96.Final.jar:/Users/calvinlee/.m2/repository/io/netty/netty-codec-http2/4.1.96.Final/netty-codec-http2-4.1.96.Final.jar:/Users/calvinlee/.m2/repository/io/netty/netty-codec-socks/4.1.96.Final/netty-codec-socks-4.1.96.Final.jar:/Users/calvinlee/.m2/repository/io/netty/netty-common/4.1.96.Final/netty-common-4.1.96.Final.jar:/Users/calvinlee/.m2/repository/io/netty/netty-handler/4.1.96.Final/netty-handler-4.1.96.Final.jar:/Users/calvinlee/.m2/repository/io/netty/netty-transport-native-unix-common/4.1.96.Final/netty-transport-native-unix-common-4.1.96.Final.jar:/Users/calvinlee/.m2/repository/io/netty/netty-handler-proxy/4.1.96.Final/netty-handler-proxy-4.1.96.Final.jar:/Users/calvinlee/.m2/repository/io/netty/netty-resolver/4.1.96.Final/netty-resolver-4.1.96.Final.jar:/Users/calvinlee/.m2/repository/io/netty/netty-transport/4.1.96.Final/netty-transport-4.1.96.Final.jar:/Users/calvinlee/.m2/repository/io/netty/netty-transport-classes-epoll/4.1.96.Final/netty-transport-classes-epoll-4.1.96.Final.jar:/Users/calvinlee/.m2/repository/io/netty/netty-transport-classes-kqueue/4.1.96.Final/netty-transport-classes-kqueue-4.1.96.Final.jar:/Users/calvinlee/.m2/repository/io/netty/netty-transport-native-epoll/4.1.96.Final/netty-transport-native-epoll-4.1.96.Final-linux-x86_64.jar:/Users/calvinlee/.m2/repository/io/netty/netty-transport-native-epoll/4.1.96.Final/netty-transport-native-epoll-4.1.96.Final-linux-aarch_64.jar:/Users/calvinlee/.m2/repository/io/netty/netty-transport-native-kqueue/4.1.96.Final/netty-transport-native-kqueue-4.1.96.Final-osx-aarch_64.jar:/Users/calvinlee/.m2/repository/io/netty/netty-transport-native-kqueue/4.1.96.Final/netty-transport-native-kqueue-4.1.96.Final-osx-x86_64.jar:/Users/calvinlee/.m2/repository/com/clearspring/analytics/stream/2.9.6/stream-2.9.6.jar:/Users/calvinlee/.m2/repository/io/dropwizard/metrics/metrics-core/4.2.19/metrics-core-4.2.19.jar:/Users/calvinlee/.m2/repository/io/dropwizard/metrics/metrics-jvm/4.2.19/metrics-jvm-4.2.19.jar:/Users/calvinlee/.m2/repository/io/dropwizard/metrics/metrics-json/4.2.19/metrics-json-4.2.19.jar:/Users/calvinlee/.m2/repository/io/dropwizard/metrics/metrics-graphite/4.2.19/metrics-graphite-4.2.19.jar:/Users/calvinlee/.m2/repository/io/dropwizard/metrics/metrics-jmx/4.2.19/metrics-jmx-4.2.19.jar:/Users/calvinlee/.m2/repository/com/fasterxml/jackson/core/jackson-databind/2.15.2/jackson-databind-2.15.2.jar:/Users/calvinlee/.m2/repository/com/fasterxml/jackson/module/jackson-module-scala_2.12/2.15.2/jackson-module-scala_2.12-2.15.2.jar:/Users/calvinlee/.m2/repository/com/thoughtworks/paranamer/paranamer/2.8/paranamer-2.8.jar:/Users/calvinlee/.m2/repository/org/apache/ivy/ivy/2.5.1/ivy-2.5.1.jar:/Users/calvinlee/.m2/repository/oro/oro/2.0.8/oro-2.0.8.jar:/Users/calvinlee/.m2/repository/net/razorvine/pickle/1.3/pickle-1.3.jar:/Users/calvinlee/.m2/repository/net/sf/py4j/py4j/0.10.9.7/py4j-0.10.9.7.jar:/Users/calvinlee/.m2/repository/org/apache/spark/spark-tags_2.12/3.5.5/spark-tags_2.12-3.5.5.jar:/Users/calvinlee/.m2/repository/org/apache/commons/commons-crypto/1.1.0/commons-crypto-1.1.0.jar:/Users/calvinlee/.m2/repository/org/apache/spark/spark-sql_2.12/3.5.5/spark-sql_2.12-3.5.5.jar:/Users/calvinlee/.m2/repository/org/rocksdb/rocksdbjni/8.3.2/rocksdbjni-8.3.2.jar:/Users/calvinlee/.m2/repository/com/univocity/univocity-parsers/2.9.1/univocity-parsers-2.9.1.jar:/Users/calvinlee/.m2/repository/org/apache/spark/spark-sketch_2.12/3.5.5/spark-sketch_2.12-3.5.5.jar:/Users/calvinlee/.m2/repository/org/apache/spark/spark-catalyst_2.12/3.5.5/spark-catalyst_2.12-3.5.5.jar:/Users/calvinlee/.m2/repository/org/apache/spark/spark-sql-api_2.12/3.5.5/spark-sql-api_2.12-3.5.5.jar:/Users/calvinlee/.m2/repository/org/scala-lang/modules/scala-parser-combinators_2.12/2.3.0/scala-parser-combinators_2.12-2.3.0.jar:/Users/calvinlee/.m2/repository/org/antlr/antlr4-runtime/4.9.3/antlr4-runtime-4.9.3.jar:/Users/calvinlee/.m2/repository/org/apache/arrow/arrow-vector/12.0.1/arrow-vector-12.0.1.jar:/Users/calvinlee/.m2/repository/org/apache/arrow/arrow-format/12.0.1/arrow-format-12.0.1.jar:/Users/calvinlee/.m2/repository/org/apache/arrow/arrow-memory-core/12.0.1/arrow-memory-core-12.0.1.jar:/Users/calvinlee/.m2/repository/com/fasterxml/jackson/datatype/jackson-datatype-jsr310/2.15.1/jackson-datatype-jsr310-2.15.1.jar:/Users/calvinlee/.m2/repository/com/google/flatbuffers/flatbuffers-java/1.12.0/flatbuffers-java-1.12.0.jar:/Users/calvinlee/.m2/repository/org/apache/arrow/arrow-memory-netty/12.0.1/arrow-memory-netty-12.0.1.jar:/Users/calvinlee/.m2/repository/org/codehaus/janino/janino/3.1.9/janino-3.1.9.jar:/Users/calvinlee/.m2/repository/org/codehaus/janino/commons-compiler/3.1.9/commons-compiler-3.1.9.jar:/Users/calvinlee/.m2/repository/org/apache/datasketches/datasketches-java/3.3.0/datasketches-java-3.3.0.jar:/Users/calvinlee/.m2/repository/org/apache/datasketches/datasketches-memory/2.1.0/datasketches-memory-2.1.0.jar:/Users/calvinlee/.m2/repository/org/apache/orc/orc-core/1.9.5/orc-core-1.9.5-shaded-protobuf.jar:/Users/calvinlee/.m2/repository/org/apache/orc/orc-shims/1.9.5/orc-shims-1.9.5.jar:/Users/calvinlee/.m2/repository/io/airlift/aircompressor/0.27/aircompressor-0.27.jar:/Users/calvinlee/.m2/repository/org/jetbrains/annotations/17.0.0/annotations-17.0.0.jar:/Users/calvinlee/.m2/repository/org/threeten/threeten-extra/1.7.1/threeten-extra-1.7.1.jar:/Users/calvinlee/.m2/repository/org/apache/orc/orc-mapreduce/1.9.5/orc-mapreduce-1.9.5-shaded-protobuf.jar:/Users/calvinlee/.m2/repository/org/apache/hive/hive-storage-api/2.8.1/hive-storage-api-2.8.1.jar:/Users/calvinlee/.m2/repository/org/apache/parquet/parquet-column/1.13.1/parquet-column-1.13.1.jar:/Users/calvinlee/.m2/repository/org/apache/parquet/parquet-common/1.13.1/parquet-common-1.13.1.jar:/Users/calvinlee/.m2/repository/org/apache/parquet/parquet-encoding/1.13.1/parquet-encoding-1.13.1.jar:/Users/calvinlee/.m2/repository/org/apache/parquet/parquet-hadoop/1.13.1/parquet-hadoop-1.13.1.jar:/Users/calvinlee/.m2/repository/org/apache/parquet/parquet-format-structures/1.13.1/parquet-format-structures-1.13.1.jar:/Users/calvinlee/.m2/repository/org/apache/parquet/parquet-jackson/1.13.1/parquet-jackson-1.13.1.jar:/Users/calvinlee/.m2/repository/org/junit/jupiter/junit-jupiter/5.10.2/junit-jupiter-5.10.2.jar:/Users/calvinlee/.m2/repository/org/junit/jupiter/junit-jupiter-api/5.10.2/junit-jupiter-api-5.10.2.jar:/Users/calvinlee/.m2/repository/org/opentest4j/opentest4j/1.3.0/opentest4j-1.3.0.jar:/Users/calvinlee/.m2/repository/org/junit/platform/junit-platform-commons/1.10.2/junit-platform-commons-1.10.2.jar:/Users/calvinlee/.m2/repository/org/apiguardian/apiguardian-api/1.1.2/apiguardian-api-1.1.2.jar:/Users/calvinlee/.m2/repository/org/junit/jupiter/junit-jupiter-params/5.10.2/junit-jupiter-params-5.10.2.jar:/Users/calvinlee/.m2/repository/org/junit/jupiter/junit-jupiter-engine/5.10.2/junit-jupiter-engine-5.10.2.jar:/Users/calvinlee/.m2/repository/org/junit/platform/junit-platform-engine/1.10.2/junit-platform-engine-1.10.2.jar:"/>
    <property name="java.vm.vendor" value="Eclipse Adoptium"/>
    <property name="sun.arch.data.model" value="64"/>
    <property name="java.vendor.url" value="https://adoptium.net/"/>
    <property name="os.name" value="Mac OS X"/>
    <property name="java.vm.specification.version" value="17"/>
    <property name="sun.java.launcher" value="SUN_STANDARD"/>
    <property name="user.country" value="US"/>
    <property name="sun.boot.library.path" value="/Library/Java/JavaVirtualMachines/temurin-17.jdk/Contents/Home/lib"/>
    <property name="sun.java.command" value="/Users/calvinlee/Library/CloudStorage/OneDrive-Personal/Workspace/spring-spark/target/surefire/surefirebooter-20250425134029688_3.jar /Users/calvinlee/Library/CloudStorage/OneDrive-Personal/Workspace/spring-spark/target/surefire 2025-04-25T13-40-29_631-jvmRun1 surefire-20250425134029688_1tmp surefire_0-20250425134029688_2tmp"/>
    <property name="http.nonProxyHosts" value="local|*.local|169.254/16|*.169.254/16"/>
    <property name="jdk.debug" value="release"/>
    <property name="surefire.test.class.path" value="/Users/calvinlee/Library/CloudStorage/OneDrive-Personal/Workspace/spring-spark/target/test-classes:/Users/calvinlee/Library/CloudStorage/OneDrive-Personal/Workspace/spring-spark/target/classes:/Users/calvinlee/.m2/repository/org/springframework/boot/spring-boot-starter/3.4.5/spring-boot-starter-3.4.5.jar:/Users/calvinlee/.m2/repository/org/springframework/boot/spring-boot/3.4.5/spring-boot-3.4.5.jar:/Users/calvinlee/.m2/repository/org/springframework/spring-context/6.2.6/spring-context-6.2.6.jar:/Users/calvinlee/.m2/repository/org/springframework/spring-aop/6.2.6/spring-aop-6.2.6.jar:/Users/calvinlee/.m2/repository/org/springframework/spring-beans/6.2.6/spring-beans-6.2.6.jar:/Users/calvinlee/.m2/repository/org/springframework/spring-expression/6.2.6/spring-expression-6.2.6.jar:/Users/calvinlee/.m2/repository/io/micrometer/micrometer-observation/1.14.5/micrometer-observation-1.14.5.jar:/Users/calvinlee/.m2/repository/io/micrometer/micrometer-commons/1.14.5/micrometer-commons-1.14.5.jar:/Users/calvinlee/.m2/repository/org/springframework/boot/spring-boot-autoconfigure/3.4.5/spring-boot-autoconfigure-3.4.5.jar:/Users/calvinlee/.m2/repository/org/springframework/boot/spring-boot-starter-logging/3.4.5/spring-boot-starter-logging-3.4.5.jar:/Users/calvinlee/.m2/repository/ch/qos/logback/logback-classic/1.5.18/logback-classic-1.5.18.jar:/Users/calvinlee/.m2/repository/ch/qos/logback/logback-core/1.5.18/logback-core-1.5.18.jar:/Users/calvinlee/.m2/repository/org/slf4j/slf4j-api/2.0.13/slf4j-api-2.0.13.jar:/Users/calvinlee/.m2/repository/org/apache/logging/log4j/log4j-to-slf4j/2.24.3/log4j-to-slf4j-2.24.3.jar:/Users/calvinlee/.m2/repository/org/slf4j/jul-to-slf4j/2.0.17/jul-to-slf4j-2.0.17.jar:/Users/calvinlee/.m2/repository/jakarta/annotation/jakarta.annotation-api/2.1.1/jakarta.annotation-api-2.1.1.jar:/Users/calvinlee/.m2/repository/org/springframework/spring-core/6.2.6/spring-core-6.2.6.jar:/Users/calvinlee/.m2/repository/org/springframework/spring-jcl/6.2.6/spring-jcl-6.2.6.jar:/Users/calvinlee/.m2/repository/org/yaml/snakeyaml/2.3/snakeyaml-2.3.jar:/Users/calvinlee/.m2/repository/org/apache/spark/spark-core_2.12/3.5.5/spark-core_2.12-3.5.5.jar:/Users/calvinlee/.m2/repository/org/apache/avro/avro/1.11.4/avro-1.11.4.jar:/Users/calvinlee/.m2/repository/com/fasterxml/jackson/core/jackson-core/2.14.3/jackson-core-2.14.3.jar:/Users/calvinlee/.m2/repository/org/apache/avro/avro-mapred/1.11.4/avro-mapred-1.11.4.jar:/Users/calvinlee/.m2/repository/org/apache/avro/avro-ipc/1.11.4/avro-ipc-1.11.4.jar:/Users/calvinlee/.m2/repository/org/tukaani/xz/1.9/xz-1.9.jar:/Users/calvinlee/.m2/repository/com/twitter/chill_2.12/0.10.0/chill_2.12-0.10.0.jar:/Users/calvinlee/.m2/repository/com/esotericsoftware/kryo-shaded/4.0.2/kryo-shaded-4.0.2.jar:/Users/calvinlee/.m2/repository/com/esotericsoftware/minlog/1.3.0/minlog-1.3.0.jar:/Users/calvinlee/.m2/repository/org/objenesis/objenesis/2.5.1/objenesis-2.5.1.jar:/Users/calvinlee/.m2/repository/com/twitter/chill-java/0.10.0/chill-java-0.10.0.jar:/Users/calvinlee/.m2/repository/org/apache/xbean/xbean-asm9-shaded/4.23/xbean-asm9-shaded-4.23.jar:/Users/calvinlee/.m2/repository/org/apache/hadoop/hadoop-client-api/3.3.4/hadoop-client-api-3.3.4.jar:/Users/calvinlee/.m2/repository/org/apache/hadoop/hadoop-client-runtime/3.3.4/hadoop-client-runtime-3.3.4.jar:/Users/calvinlee/.m2/repository/commons-logging/commons-logging/1.1.3/commons-logging-1.1.3.jar:/Users/calvinlee/.m2/repository/org/apache/spark/spark-launcher_2.12/3.5.5/spark-launcher_2.12-3.5.5.jar:/Users/calvinlee/.m2/repository/org/apache/spark/spark-kvstore_2.12/3.5.5/spark-kvstore_2.12-3.5.5.jar:/Users/calvinlee/.m2/repository/org/fusesource/leveldbjni/leveldbjni-all/1.8/leveldbjni-all-1.8.jar:/Users/calvinlee/.m2/repository/com/fasterxml/jackson/core/jackson-annotations/2.15.2/jackson-annotations-2.15.2.jar:/Users/calvinlee/.m2/repository/org/apache/spark/spark-network-common_2.12/3.5.5/spark-network-common_2.12-3.5.5.jar:/Users/calvinlee/.m2/repository/com/google/crypto/tink/tink/1.9.0/tink-1.9.0.jar:/Users/calvinlee/.m2/repository/com/google/code/gson/gson/2.10.1/gson-2.10.1.jar:/Users/calvinlee/.m2/repository/com/google/protobuf/protobuf-java/3.19.6/protobuf-java-3.19.6.jar:/Users/calvinlee/.m2/repository/joda-time/joda-time/2.12.5/joda-time-2.12.5.jar:/Users/calvinlee/.m2/repository/org/apache/spark/spark-network-shuffle_2.12/3.5.5/spark-network-shuffle_2.12-3.5.5.jar:/Users/calvinlee/.m2/repository/org/apache/spark/spark-unsafe_2.12/3.5.5/spark-unsafe_2.12-3.5.5.jar:/Users/calvinlee/.m2/repository/org/apache/spark/spark-common-utils_2.12/3.5.5/spark-common-utils_2.12-3.5.5.jar:/Users/calvinlee/.m2/repository/org/slf4j/jcl-over-slf4j/2.0.7/jcl-over-slf4j-2.0.7.jar:/Users/calvinlee/.m2/repository/org/apache/logging/log4j/log4j-slf4j2-impl/2.20.0/log4j-slf4j2-impl-2.20.0.jar:/Users/calvinlee/.m2/repository/org/apache/logging/log4j/log4j-api/2.20.0/log4j-api-2.20.0.jar:/Users/calvinlee/.m2/repository/org/apache/logging/log4j/log4j-core/2.20.0/log4j-core-2.20.0.jar:/Users/calvinlee/.m2/repository/org/apache/logging/log4j/log4j-1.2-api/2.20.0/log4j-1.2-api-2.20.0.jar:/Users/calvinlee/.m2/repository/javax/activation/activation/1.1.1/activation-1.1.1.jar:/Users/calvinlee/.m2/repository/org/apache/curator/curator-recipes/2.13.0/curator-recipes-2.13.0.jar:/Users/calvinlee/.m2/repository/org/apache/curator/curator-framework/2.13.0/curator-framework-2.13.0.jar:/Users/calvinlee/.m2/repository/org/apache/curator/curator-client/2.13.0/curator-client-2.13.0.jar:/Users/calvinlee/.m2/repository/com/google/guava/guava/16.0.1/guava-16.0.1.jar:/Users/calvinlee/.m2/repository/org/apache/zookeeper/zookeeper/3.6.3/zookeeper-3.6.3.jar:/Users/calvinlee/.m2/repository/org/apache/zookeeper/zookeeper-jute/3.6.3/zookeeper-jute-3.6.3.jar:/Users/calvinlee/.m2/repository/org/apache/yetus/audience-annotations/0.5.0/audience-annotations-0.5.0.jar:/Users/calvinlee/.m2/repository/jakarta/servlet/jakarta.servlet-api/4.0.3/jakarta.servlet-api-4.0.3.jar:/Users/calvinlee/.m2/repository/commons-codec/commons-codec/1.16.1/commons-codec-1.16.1.jar:/Users/calvinlee/.m2/repository/org/apache/commons/commons-compress/1.23.0/commons-compress-1.23.0.jar:/Users/calvinlee/.m2/repository/org/apache/commons/commons-lang3/3.12.0/commons-lang3-3.12.0.jar:/Users/calvinlee/.m2/repository/org/apache/commons/commons-math3/3.6.1/commons-math3-3.6.1.jar:/Users/calvinlee/.m2/repository/org/apache/commons/commons-text/1.10.0/commons-text-1.10.0.jar:/Users/calvinlee/.m2/repository/commons-io/commons-io/2.16.1/commons-io-2.16.1.jar:/Users/calvinlee/.m2/repository/commons-collections/commons-collections/3.2.2/commons-collections-3.2.2.jar:/Users/calvinlee/.m2/repository/org/apache/commons/commons-collections4/4.4/commons-collections4-4.4.jar:/Users/calvinlee/.m2/repository/com/google/code/findbugs/jsr305/3.0.0/jsr305-3.0.0.jar:/Users/calvinlee/.m2/repository/com/ning/compress-lzf/1.1.2/compress-lzf-1.1.2.jar:/Users/calvinlee/.m2/repository/org/xerial/snappy/snappy-java/1.1.10.5/snappy-java-1.1.10.5.jar:/Users/calvinlee/.m2/repository/org/lz4/lz4-java/1.8.0/lz4-java-1.8.0.jar:/Users/calvinlee/.m2/repository/com/github/luben/zstd-jni/1.5.5-4/zstd-jni-1.5.5-4.jar:/Users/calvinlee/.m2/repository/org/roaringbitmap/RoaringBitmap/0.9.45/RoaringBitmap-0.9.45.jar:/Users/calvinlee/.m2/repository/org/roaringbitmap/shims/0.9.45/shims-0.9.45.jar:/Users/calvinlee/.m2/repository/org/scala-lang/modules/scala-xml_2.12/2.1.0/scala-xml_2.12-2.1.0.jar:/Users/calvinlee/.m2/repository/org/scala-lang/modules/scala-collection-compat_2.12/2.7.0/scala-collection-compat_2.12-2.7.0.jar:/Users/calvinlee/.m2/repository/org/scala-lang/scala-library/2.12.18/scala-library-2.12.18.jar:/Users/calvinlee/.m2/repository/org/scala-lang/scala-reflect/2.12.18/scala-reflect-2.12.18.jar:/Users/calvinlee/.m2/repository/org/json4s/json4s-jackson_2.12/3.7.0-M11/json4s-jackson_2.12-3.7.0-M11.jar:/Users/calvinlee/.m2/repository/org/json4s/json4s-core_2.12/3.7.0-M11/json4s-core_2.12-3.7.0-M11.jar:/Users/calvinlee/.m2/repository/org/json4s/json4s-ast_2.12/3.7.0-M11/json4s-ast_2.12-3.7.0-M11.jar:/Users/calvinlee/.m2/repository/org/json4s/json4s-scalap_2.12/3.7.0-M11/json4s-scalap_2.12-3.7.0-M11.jar:/Users/calvinlee/.m2/repository/org/glassfish/jersey/core/jersey-client/2.40/jersey-client-2.40.jar:/Users/calvinlee/.m2/repository/jakarta/ws/rs/jakarta.ws.rs-api/2.1.6/jakarta.ws.rs-api-2.1.6.jar:/Users/calvinlee/.m2/repository/org/glassfish/hk2/external/jakarta.inject/2.6.1/jakarta.inject-2.6.1.jar:/Users/calvinlee/.m2/repository/org/glassfish/jersey/core/jersey-common/2.40/jersey-common-2.40.jar:/Users/calvinlee/.m2/repository/org/glassfish/hk2/osgi-resource-locator/1.0.3/osgi-resource-locator-1.0.3.jar:/Users/calvinlee/.m2/repository/org/glassfish/jersey/core/jersey-server/2.40/jersey-server-2.40.jar:/Users/calvinlee/.m2/repository/jakarta/validation/jakarta.validation-api/2.0.2/jakarta.validation-api-2.0.2.jar:/Users/calvinlee/.m2/repository/org/glassfish/jersey/containers/jersey-container-servlet/2.40/jersey-container-servlet-2.40.jar:/Users/calvinlee/.m2/repository/org/glassfish/jersey/containers/jersey-container-servlet-core/2.40/jersey-container-servlet-core-2.40.jar:/Users/calvinlee/.m2/repository/org/glassfish/jersey/inject/jersey-hk2/2.40/jersey-hk2-2.40.jar:/Users/calvinlee/.m2/repository/org/glassfish/hk2/hk2-locator/2.6.1/hk2-locator-2.6.1.jar:/Users/calvinlee/.m2/repository/org/glassfish/hk2/external/aopalliance-repackaged/2.6.1/aopalliance-repackaged-2.6.1.jar:/Users/calvinlee/.m2/repository/org/glassfish/hk2/hk2-api/2.6.1/hk2-api-2.6.1.jar:/Users/calvinlee/.m2/repository/org/glassfish/hk2/hk2-utils/2.6.1/hk2-utils-2.6.1.jar:/Users/calvinlee/.m2/repository/org/javassist/javassist/3.29.2-GA/javassist-3.29.2-GA.jar:/Users/calvinlee/.m2/repository/io/netty/netty-all/4.1.96.Final/netty-all-4.1.96.Final.jar:/Users/calvinlee/.m2/repository/io/netty/netty-buffer/4.1.96.Final/netty-buffer-4.1.96.Final.jar:/Users/calvinlee/.m2/repository/io/netty/netty-codec/4.1.96.Final/netty-codec-4.1.96.Final.jar:/Users/calvinlee/.m2/repository/io/netty/netty-codec-http/4.1.96.Final/netty-codec-http-4.1.96.Final.jar:/Users/calvinlee/.m2/repository/io/netty/netty-codec-http2/4.1.96.Final/netty-codec-http2-4.1.96.Final.jar:/Users/calvinlee/.m2/repository/io/netty/netty-codec-socks/4.1.96.Final/netty-codec-socks-4.1.96.Final.jar:/Users/calvinlee/.m2/repository/io/netty/netty-common/4.1.96.Final/netty-common-4.1.96.Final.jar:/Users/calvinlee/.m2/repository/io/netty/netty-handler/4.1.96.Final/netty-handler-4.1.96.Final.jar:/Users/calvinlee/.m2/repository/io/netty/netty-transport-native-unix-common/4.1.96.Final/netty-transport-native-unix-common-4.1.96.Final.jar:/Users/calvinlee/.m2/repository/io/netty/netty-handler-proxy/4.1.96.Final/netty-handler-proxy-4.1.96.Final.jar:/Users/calvinlee/.m2/repository/io/netty/netty-resolver/4.1.96.Final/netty-resolver-4.1.96.Final.jar:/Users/calvinlee/.m2/repository/io/netty/netty-transport/4.1.96.Final/netty-transport-4.1.96.Final.jar:/Users/calvinlee/.m2/repository/io/netty/netty-transport-classes-epoll/4.1.96.Final/netty-transport-classes-epoll-4.1.96.Final.jar:/Users/calvinlee/.m2/repository/io/netty/netty-transport-classes-kqueue/4.1.96.Final/netty-transport-classes-kqueue-4.1.96.Final.jar:/Users/calvinlee/.m2/repository/io/netty/netty-transport-native-epoll/4.1.96.Final/netty-transport-native-epoll-4.1.96.Final-linux-x86_64.jar:/Users/calvinlee/.m2/repository/io/netty/netty-transport-native-epoll/4.1.96.Final/netty-transport-native-epoll-4.1.96.Final-linux-aarch_64.jar:/Users/calvinlee/.m2/repository/io/netty/netty-transport-native-kqueue/4.1.96.Final/netty-transport-native-kqueue-4.1.96.Final-osx-aarch_64.jar:/Users/calvinlee/.m2/repository/io/netty/netty-transport-native-kqueue/4.1.96.Final/netty-transport-native-kqueue-4.1.96.Final-osx-x86_64.jar:/Users/calvinlee/.m2/repository/com/clearspring/analytics/stream/2.9.6/stream-2.9.6.jar:/Users/calvinlee/.m2/repository/io/dropwizard/metrics/metrics-core/4.2.19/metrics-core-4.2.19.jar:/Users/calvinlee/.m2/repository/io/dropwizard/metrics/metrics-jvm/4.2.19/metrics-jvm-4.2.19.jar:/Users/calvinlee/.m2/repository/io/dropwizard/metrics/metrics-json/4.2.19/metrics-json-4.2.19.jar:/Users/calvinlee/.m2/repository/io/dropwizard/metrics/metrics-graphite/4.2.19/metrics-graphite-4.2.19.jar:/Users/calvinlee/.m2/repository/io/dropwizard/metrics/metrics-jmx/4.2.19/metrics-jmx-4.2.19.jar:/Users/calvinlee/.m2/repository/com/fasterxml/jackson/core/jackson-databind/2.15.2/jackson-databind-2.15.2.jar:/Users/calvinlee/.m2/repository/com/fasterxml/jackson/module/jackson-module-scala_2.12/2.15.2/jackson-module-scala_2.12-2.15.2.jar:/Users/calvinlee/.m2/repository/com/thoughtworks/paranamer/paranamer/2.8/paranamer-2.8.jar:/Users/calvinlee/.m2/repository/org/apache/ivy/ivy/2.5.1/ivy-2.5.1.jar:/Users/calvinlee/.m2/repository/oro/oro/2.0.8/oro-2.0.8.jar:/Users/calvinlee/.m2/repository/net/razorvine/pickle/1.3/pickle-1.3.jar:/Users/calvinlee/.m2/repository/net/sf/py4j/py4j/0.10.9.7/py4j-0.10.9.7.jar:/Users/calvinlee/.m2/repository/org/apache/spark/spark-tags_2.12/3.5.5/spark-tags_2.12-3.5.5.jar:/Users/calvinlee/.m2/repository/org/apache/commons/commons-crypto/1.1.0/commons-crypto-1.1.0.jar:/Users/calvinlee/.m2/repository/org/apache/spark/spark-sql_2.12/3.5.5/spark-sql_2.12-3.5.5.jar:/Users/calvinlee/.m2/repository/org/rocksdb/rocksdbjni/8.3.2/rocksdbjni-8.3.2.jar:/Users/calvinlee/.m2/repository/com/univocity/univocity-parsers/2.9.1/univocity-parsers-2.9.1.jar:/Users/calvinlee/.m2/repository/org/apache/spark/spark-sketch_2.12/3.5.5/spark-sketch_2.12-3.5.5.jar:/Users/calvinlee/.m2/repository/org/apache/spark/spark-catalyst_2.12/3.5.5/spark-catalyst_2.12-3.5.5.jar:/Users/calvinlee/.m2/repository/org/apache/spark/spark-sql-api_2.12/3.5.5/spark-sql-api_2.12-3.5.5.jar:/Users/calvinlee/.m2/repository/org/scala-lang/modules/scala-parser-combinators_2.12/2.3.0/scala-parser-combinators_2.12-2.3.0.jar:/Users/calvinlee/.m2/repository/org/antlr/antlr4-runtime/4.9.3/antlr4-runtime-4.9.3.jar:/Users/calvinlee/.m2/repository/org/apache/arrow/arrow-vector/12.0.1/arrow-vector-12.0.1.jar:/Users/calvinlee/.m2/repository/org/apache/arrow/arrow-format/12.0.1/arrow-format-12.0.1.jar:/Users/calvinlee/.m2/repository/org/apache/arrow/arrow-memory-core/12.0.1/arrow-memory-core-12.0.1.jar:/Users/calvinlee/.m2/repository/com/fasterxml/jackson/datatype/jackson-datatype-jsr310/2.15.1/jackson-datatype-jsr310-2.15.1.jar:/Users/calvinlee/.m2/repository/com/google/flatbuffers/flatbuffers-java/1.12.0/flatbuffers-java-1.12.0.jar:/Users/calvinlee/.m2/repository/org/apache/arrow/arrow-memory-netty/12.0.1/arrow-memory-netty-12.0.1.jar:/Users/calvinlee/.m2/repository/org/codehaus/janino/janino/3.1.9/janino-3.1.9.jar:/Users/calvinlee/.m2/repository/org/codehaus/janino/commons-compiler/3.1.9/commons-compiler-3.1.9.jar:/Users/calvinlee/.m2/repository/org/apache/datasketches/datasketches-java/3.3.0/datasketches-java-3.3.0.jar:/Users/calvinlee/.m2/repository/org/apache/datasketches/datasketches-memory/2.1.0/datasketches-memory-2.1.0.jar:/Users/calvinlee/.m2/repository/org/apache/orc/orc-core/1.9.5/orc-core-1.9.5-shaded-protobuf.jar:/Users/calvinlee/.m2/repository/org/apache/orc/orc-shims/1.9.5/orc-shims-1.9.5.jar:/Users/calvinlee/.m2/repository/io/airlift/aircompressor/0.27/aircompressor-0.27.jar:/Users/calvinlee/.m2/repository/org/jetbrains/annotations/17.0.0/annotations-17.0.0.jar:/Users/calvinlee/.m2/repository/org/threeten/threeten-extra/1.7.1/threeten-extra-1.7.1.jar:/Users/calvinlee/.m2/repository/org/apache/orc/orc-mapreduce/1.9.5/orc-mapreduce-1.9.5-shaded-protobuf.jar:/Users/calvinlee/.m2/repository/org/apache/hive/hive-storage-api/2.8.1/hive-storage-api-2.8.1.jar:/Users/calvinlee/.m2/repository/org/apache/parquet/parquet-column/1.13.1/parquet-column-1.13.1.jar:/Users/calvinlee/.m2/repository/org/apache/parquet/parquet-common/1.13.1/parquet-common-1.13.1.jar:/Users/calvinlee/.m2/repository/org/apache/parquet/parquet-encoding/1.13.1/parquet-encoding-1.13.1.jar:/Users/calvinlee/.m2/repository/org/apache/parquet/parquet-hadoop/1.13.1/parquet-hadoop-1.13.1.jar:/Users/calvinlee/.m2/repository/org/apache/parquet/parquet-format-structures/1.13.1/parquet-format-structures-1.13.1.jar:/Users/calvinlee/.m2/repository/org/apache/parquet/parquet-jackson/1.13.1/parquet-jackson-1.13.1.jar:/Users/calvinlee/.m2/repository/org/junit/jupiter/junit-jupiter/5.10.2/junit-jupiter-5.10.2.jar:/Users/calvinlee/.m2/repository/org/junit/jupiter/junit-jupiter-api/5.10.2/junit-jupiter-api-5.10.2.jar:/Users/calvinlee/.m2/repository/org/opentest4j/opentest4j/1.3.0/opentest4j-1.3.0.jar:/Users/calvinlee/.m2/repository/org/junit/platform/junit-platform-commons/1.10.2/junit-platform-commons-1.10.2.jar:/Users/calvinlee/.m2/repository/org/apiguardian/apiguardian-api/1.1.2/apiguardian-api-1.1.2.jar:/Users/calvinlee/.m2/repository/org/junit/jupiter/junit-jupiter-params/5.10.2/junit-jupiter-params-5.10.2.jar:/Users/calvinlee/.m2/repository/org/junit/jupiter/junit-jupiter-engine/5.10.2/junit-jupiter-engine-5.10.2.jar:/Users/calvinlee/.m2/repository/org/junit/platform/junit-platform-engine/1.10.2/junit-platform-engine-1.10.2.jar:"/>
    <property name="sun.cpu.endian" value="little"/>
    <property name="user.home" value="/Users/calvinlee"/>
    <property name="user.language" value="en"/>
    <property name="java.specification.vendor" value="Oracle Corporation"/>
    <property name="java.version.date" value="2025-01-21"/>
    <property name="java.home" value="/Library/Java/JavaVirtualMachines/temurin-17.jdk/Contents/Home"/>
    <property name="file.separator" value="/"/>
    <property name="basedir" value="/Users/calvinlee/Library/CloudStorage/OneDrive-Personal/Workspace/spring-spark"/>
    <property name="java.vm.compressedOopsMode" value="Zero based"/>
    <property name="line.separator" value="&#10;"/>
    <property name="java.specification.name" value="Java Platform API Specification"/>
    <property name="java.vm.specification.vendor" value="Oracle Corporation"/>
    <property name="surefire.real.class.path" value="/Users/calvinlee/Library/CloudStorage/OneDrive-Personal/Workspace/spring-spark/target/surefire/surefirebooter-20250425134029688_3.jar"/>
    <property name="sun.management.compiler" value="HotSpot 64-Bit Tiered Compilers"/>
    <property name="ftp.nonProxyHosts" value="local|*.local|169.254/16|*.169.254/16"/>
    <property name="java.runtime.version" value="17.0.14+7"/>
    <property name="user.name" value="calvinlee"/>
    <property name="path.separator" value=":"/>
    <property name="os.version" value="15.3.2"/>
    <property name="java.runtime.name" value="OpenJDK Runtime Environment"/>
    <property name="file.encoding" value="UTF-8"/>
    <property name="java.vm.name" value="OpenJDK 64-Bit Server VM"/>
    <property name="java.vendor.version" value="Temurin-17.0.14+7"/>
    <property name="localRepository" value="/Users/calvinlee/.m2/repository"/>
    <property name="java.vendor.url.bug" value="https://github.com/adoptium/adoptium-support/issues"/>
    <property name="java.io.tmpdir" value="/var/folders/tm/ywf4qz4s7sx1lgw8928114jr0000gn/T/"/>
    <property name="java.version" value="17.0.14"/>
    <property name="user.dir" value="/Users/calvinlee/Library/CloudStorage/OneDrive-Personal/Workspace/spring-spark"/>
    <property name="os.arch" value="aarch64"/>
    <property name="java.vm.specification.name" value="Java Virtual Machine Specification"/>
    <property name="native.encoding" value="UTF-8"/>
    <property name="java.library.path" value="/Users/calvinlee/Library/Java/Extensions:/Library/Java/Extensions:/Network/Library/Java/Extensions:/System/Library/Java/Extensions:/usr/lib/java:."/>
    <property name="java.vm.info" value="mixed mode, sharing"/>
    <property name="java.vendor" value="Eclipse Adoptium"/>
    <property name="java.vm.version" value="17.0.14+7"/>
    <property name="java.specification.maintenance.version" value="1"/>
    <property name="sun.io.unicode.encoding" value="UnicodeBig"/>
    <property name="socksNonProxyHosts" value="local|*.local|169.254/16|*.169.254/16"/>
    <property name="java.class.version" value="61.0"/>
  </properties>
  <testcase name="testAppRuns" classname="com.calvin.spark.AppTest" time="0.012">
    <system-out><![CDATA[✅ JUnit 5 test executed successfully.
]]></system-out>
  </testcase>
</testsuite>